<?xml version="1.0" encoding="UTF-8"?>
<testng-results skipped="0" failed="0" ignored="0" total="1" passed="1">
  <reporter-output>
  </reporter-output>
  <suite name="Default suite" duration-ms="78023" started-at="2020-07-24T15:30:24 IST" finished-at="2020-07-24T15:31:42 IST">
    <groups>
    </groups>
    <test name="Default test" duration-ms="78023" started-at="2020-07-24T15:30:24 IST" finished-at="2020-07-24T15:31:42 IST">
      <class name="smokeTest.LoginPHPTravelsPOM">
        <test-method status="PASS" signature="loginPOM()[pri:0, instance:smokeTest.LoginPHPTravelsPOM@5ae63ade]" name="loginPOM" duration-ms="77988" started-at="2020-07-24T15:30:24 IST" finished-at="2020-07-24T15:31:42 IST">
          <reporter-output>
          </reporter-output>
        </test-method> <!-- loginPOM -->
      </class> <!-- smokeTest.LoginPHPTravelsPOM -->
    </test> <!-- Default test -->
  </suite> <!-- Default suite -->
</testng-results>
