<?xml version="1.0" encoding="UTF-8"?>
<!-- Generated by org.testng.reporters.JUnitXMLReporter -->
<testsuite hostname="INDUR1NMPSFLT" ignored="0" name="Login Page Tests" tests="1" failures="1" timestamp="2020-07-21T19:24:54 IST" time="19.673" errors="0">
  <testcase name="loginPageTestNG" time="1.098" classname="smokeTest.loginTestNG">
    <failure type="junit.framework.ComparisonFailure" message="expected:&amp;lt;...aptcha and try again[.]&amp;gt; but was:&amp;lt;...aptcha and try again[]&amp;gt;">
      <![CDATA[junit.framework.ComparisonFailure: expected:<...aptcha and try again[.]> but was:<...aptcha and try again[]>
at junit.framework.Assert.assertEquals(Assert.java:100)
at junit.framework.Assert.assertEquals(Assert.java:107)
at smokeTest.loginTestNG.loginPageTestNG(loginTestNG.java:25)
at java.util.ArrayList.forEach(ArrayList.java:1257)
... Removed 27 stack frames]]>
    </failure>
  </testcase> <!-- loginPageTestNG -->
</testsuite> <!-- Login Page Tests -->
